[2025-06-05 02:55:02] INFO: Initializing FrontmatterRegistryGenerator
[2025-06-05 02:55:02] INFO: Resolved repo base: C:\Users\E L I A N A\Downloads\_apmdd_vault\master-knowledge-base\master-knowledge-base
[2025-06-05 02:55:02] INFO: YAML source: C:\Users\E L I A N A\Downloads\_apmdd_vault\master-knowledge-base\master-knowledge-base\standards\registry\mt-schema-frontmatter.yaml
[2025-06-05 02:55:02] INFO: Registry target: C:\Users\E L I A N A\Downloads\_apmdd_vault\master-knowledge-base\master-knowledge-base\standards\registry
[2025-06-05 02:55:02] INFO: Dry run mode: False
[2025-06-05 02:55:02] INFO: Starting registry generation from mt-schema-frontmatter.yaml
[2025-06-05 02:55:02] INFO: Loaded YAML source: 8116 characters
[2025-06-05 02:55:02] INFO: Extracting info-type controlled vocabulary...
[2025-06-05 02:55:02] INFO: Extracted 27 info-type values
[2025-06-05 02:55:02] INFO:   - standard-definition
[2025-06-05 02:55:02] INFO:   - policy-document
[2025-06-05 02:55:02] INFO:   - guide-document
[2025-06-05 02:55:02] INFO:   - glossary-document
[2025-06-05 02:55:02] INFO:   - template-document
[2025-06-05 02:55:02] INFO:   - registry-document
[2025-06-05 02:55:02] INFO:   - schema-document
[2025-06-05 02:55:02] INFO:   - chapter-document
[2025-06-05 02:55:02] INFO:   - key-definition-set
[2025-06-05 02:55:02] INFO:   - kb-definition-map
[2025-06-05 02:55:02] INFO:   - how-to-guide
[2025-06-05 02:55:02] INFO:   - tutorial-document
[2025-06-05 02:55:02] INFO:   - troubleshooting-guide
[2025-06-05 02:55:02] INFO:   - reference-document
[2025-06-05 02:55:02] INFO:   - architecture-overview
[2025-06-05 02:55:02] INFO:   - design-specification
[2025-06-05 02:55:02] INFO:   - meeting-notes
[2025-06-05 02:55:02] INFO:   - report-document
[2025-06-05 02:55:02] INFO:   - process-definition
[2025-06-05 02:55:02] INFO:   - role-definition
[2025-06-05 02:55:02] INFO:   - service-definition
[2025-06-05 02:55:02] INFO:   - api-specification
[2025-06-05 02:55:02] INFO:   - data-model-definition
[2025-06-05 02:55:02] INFO:   - security-standard
[2025-06-05 02:55:02] INFO:   - compliance-guideline
[2025-06-05 02:55:02] INFO:   - collection-document
[2025-06-05 02:55:02] INFO:   - changelog
[2025-06-05 02:55:02] INFO: Extracting field definitions...
[2025-06-05 02:55:02] INFO:   - title: True | string
[2025-06-05 02:55:02] INFO:   - standard_id: conditional | string
[2025-06-05 02:55:02] INFO:   - aliases: False | list_of_strings
[2025-06-05 02:55:02] INFO:   - tags: True | list_of_strings
[2025-06-05 02:55:02] INFO:   - kb-id: True | string
[2025-06-05 02:55:02] INFO:   - info-type: True | string
[2025-06-05 02:55:02] INFO:   - primary-topic: True | string
[2025-06-05 02:55:02] INFO:   - related-standards: False | list_of_strings
[2025-06-05 02:55:02] INFO:   - version: True | string
[2025-06-05 02:55:02] INFO:   - date-created: True | string
[2025-06-05 02:55:02] INFO:   - date-modified: True | string
[2025-06-05 02:55:02] INFO:   - primary_domain: conditional | string
[2025-06-05 02:55:02] INFO:   - sub_domain: conditional | string
[2025-06-05 02:55:02] INFO:   - scope_application: True | string
[2025-06-05 02:55:02] INFO:   - criticality: True | string
[2025-06-05 02:55:02] INFO:   - lifecycle_gatekeeper: True | string
[2025-06-05 02:55:02] INFO:   - impact_areas: True | list_of_strings
[2025-06-05 02:55:02] INFO:   - change_log_url: conditional | string
[2025-06-05 02:55:02] INFO: Extracted 18 field definitions
[2025-06-05 02:55:02] INFO: Extracting field order...
[2025-06-05 02:55:02] INFO: Extracted field order with 18 fields
[2025-06-05 02:55:02] INFO:   1. title
[2025-06-05 02:55:02] INFO:   2. standard_id
[2025-06-05 02:55:02] INFO:   3. aliases
[2025-06-05 02:55:02] INFO:   4. tags
[2025-06-05 02:55:02] INFO:   5. kb-id
[2025-06-05 02:55:02] INFO:   6. info-type
[2025-06-05 02:55:02] INFO:   7. primary-topic
[2025-06-05 02:55:02] INFO:   8. related-standards
[2025-06-05 02:55:02] INFO:   9. version
[2025-06-05 02:55:02] INFO:   10. date-created
[2025-06-05 02:55:02] INFO:   11. date-modified
[2025-06-05 02:55:02] INFO:   12. primary_domain
[2025-06-05 02:55:02] INFO:   13. sub_domain
[2025-06-05 02:55:02] INFO:   14. scope_application
[2025-06-05 02:55:02] INFO:   15. criticality
[2025-06-05 02:55:02] INFO:   16. lifecycle_gatekeeper
[2025-06-05 02:55:02] INFO:   17. impact_areas
[2025-06-05 02:55:02] INFO:   18. change_log_url
[2025-06-05 02:55:02] INFO: Generating info_types.txt content...
[2025-06-05 02:55:02] INFO: LIVE: Written info_types.txt (663 characters)
[2025-06-05 02:55:02] INFO: Generating frontmatter_fields.yaml content...
[2025-06-05 02:55:02] INFO: LIVE: Written frontmatter_fields.yaml (4997 characters)
[2025-06-05 02:55:02] INFO: Generating field_order.yaml content...
[2025-06-05 02:55:02] INFO: LIVE: Written field_order.yaml (481 characters)
[2025-06-05 02:55:02] INFO: Generating criticality_levels.txt content...
[2025-06-05 02:55:02] INFO: Loaded additional YAML: criticality_levels.yaml (1316 characters)
[2025-06-05 02:55:02] INFO: LIVE: Written criticality_levels.txt (231 characters)
[2025-06-05 02:55:02] INFO: Generating lifecycle_gatekeepers.txt content...
[2025-06-05 02:55:02] INFO: Loaded additional YAML: lifecycle_gatekeepers.yaml (1010 characters)
[2025-06-05 02:55:02] INFO: LIVE: Written lifecycle_gatekeepers.txt (290 characters)
[2025-06-05 02:55:02] INFO: Generating tag_categories.txt content...
[2025-06-05 02:55:02] INFO: LIVE: Written tag_categories.txt (299 characters)
[2025-06-05 02:55:02] INFO: Summary report saved to: C:\Users\E L I A N A\Downloads\_apmdd_vault\master-knowledge-base\master-knowledge-base\tools\reports\frontmatter-registry-summary-2025-06-05-02-55-02.md
[2025-06-05 02:55:02] INFO: Registry generation completed successfully