2025-06-03 14:07:02,027 - INFO - Started operation: dry_run_preview_20250603_140702
2025-06-03 14:07:02,027 - INFO - Building rename operations and scanning for link references...
2025-06-03 14:07:03,477 - INFO - DRY RUN - Would fix 6 frontmatter fields in 1 files
2025-06-03 14:07:03,477 - INFO - FRONTMATTER C:\Users\E L I A N A\Downloads\_apmdd_vault\master-knowledge-base\test-environment\test-documents\frontmatter-field-violations.md:
2025-06-03 14:07:03,477 - INFO -   standard-id -> standard_id
2025-06-03 14:07:03,477 - INFO -   primaryDomain -> primary_domain
2025-06-03 14:07:03,490 - INFO -   subDomain -> sub_domain
2025-06-03 14:07:03,490 - INFO -   customField -> custom_field
2025-06-03 14:07:03,490 - INFO -   kebab-case-field -> kebab_case_field
2025-06-03 14:07:03,491 - INFO -   camelCaseField -> camel_case_field
2025-06-03 14:07:03,492 - INFO - DRY RUN - Would update 7 content references
2025-06-03 14:07:03,510 - INFO -     -       "old_content": "---\ntitle: File with Links Test\nstandard_id: TEST-LINK-U...
2025-06-03 14:07:03,511 - INFO -     +       "old_content": "---\ntitle: File with Links Test\nstandard_id: TEST-LINK-U...
2025-06-03 14:07:03,515 - INFO -     -       "old_content": "{\n  \"operation_id\": \"fix_violations_20250603_134842\",...
2025-06-03 14:07:03,515 - INFO -     +       "old_content": "{\n  \"operation_id\": \"fix_violations_20250603_134842\",...
2025-06-03 14:07:03,520 - INFO -     - - [Uppercase Extension](uppercase-extension-test.MD)...
2025-06-03 14:07:03,520 - INFO -     + - [Uppercase Extension](uppercase-extension-test.md)...
2025-06-03 14:07:03,521 - INFO -     ... and 4 more updates
2025-06-03 14:07:03,542 - INFO - DRY RUN COMPLETE - No changes made
2025-06-03 14:07:03,542 - INFO - Use --fix to apply 8 changes
